23:05:40 **** Build of configuration Debug for project MatchFrames ****
make all 
Building file: ../match.cpp
Invoking: Cross G++ Compiler
g++ -I/usr/local/include/opencv -O0 -g3 -Wall -c -fmessage-length=0 -MMD -MP -MF"match.d" -MT"match.o" -o "match.o" "../match.cpp"
Finished building: ../match.cpp
 
Building target: MatchFrames
Invoking: Cross G++ Linker
g++ -L/usr/local/lib -o "MatchFrames"  ./match.o   -lopencv_core -lopencv_imgproc -lopencv_highgui -lopencv_imgcodecs -lopencv_videoio -lopencv_xfeatures2d -lopencv_features2d
Finished building target: MatchFrames
 
23:05:45 **** Clean-only build of configuration Release for project MatchFrames ****
make clean 
rm -rf  ./match.o  ./match.d  MatchFrames
 
23:05:45 **** Incremental Build of configuration Release for project MatchFrames ****
make all 
Building file: ../match.cpp
Invoking: Cross G++ Compiler
g++ -I/usr/local/include/opencv -O3 -Wall -c -fmessage-length=0 -MMD -MP -MF"match.d" -MT"match.o" -o "match.o" "../match.cpp"
Finished building: ../match.cpp
 
Building target: MatchFrames
Invoking: Cross G++ Linker
g++ -L/usr/local/lib -o "MatchFrames"  ./match.o   -lopencv_core -lopencv_imgproc -lopencv_highgui -lopencv_imgcodecs -lopencv_videoio -lopencv_xfeatures2d -lopencv_features2d
Finished building target: MatchFrames
 
23:06:02 **** Incremental Build of configuration Debug for project MatchFrames ****
make all 
make: Nothing to be done for 'all'.
23:06:04 **** Incremental Build of configuration Debug for project MatchFrames ****
make all 
make: Nothing to be done for 'all'.
23:06:14 **** Incremental Build of configuration Debug for project MatchFrames ****
make all 
make: Nothing to be done for 'all'.
23:06:59 **** Incremental Build of configuration Debug for project MatchFrames ****
make all 
Building file: ../match.cpp
Invoking: Cross G++ Compiler
g++ -I/usr/local/include/opencv -O0 -g3 -Wall -c -fmessage-length=0 -MMD -MP -MF"match.d" -MT"match.o" -o "match.o" "../match.cpp"
Finished building: ../match.cpp
 
Building target: MatchFrames
Invoking: Cross G++ Linker
g++ -L/usr/local/lib -o "MatchFrames"  ./match.o   -lopencv_core -lopencv_imgproc -lopencv_highgui -lopencv_imgcodecs -lopencv_videoio -lopencv_xfeatures2d -lopencv_features2d
Finished building target: MatchFrames
 
23:07:03 **** Incremental Build of configuration Debug for project MatchFrames ****
make all 
make: Nothing to be done for 'all'.
23:07:06 **** Incremental Build of configuration Debug for project MatchFrames ****
make all 
make: Nothing to be done for 'all'.
23:07:09 **** Incremental Build of configuration Debug for project MatchFrames ****
make all 
make: Nothing to be done for 'all'.
23:07:11 **** Incremental Build of configuration Debug for project MatchFrames ****
make all 
make: Nothing to be done for 'all'.
23:07:14 **** Incremental Build of configuration Debug for project MatchFrames ****
make all 
make: Nothing to be done for 'all'.
23:08:33 **** Incremental Build of configuration Debug for project MatchFrames ****
make all 
Building file: ../match.cpp
Invoking: Cross G++ Compiler
g++ -I/usr/local/include/opencv -O0 -g3 -Wall -c -fmessage-length=0 -MMD -MP -MF"match.d" -MT"match.o" -o "match.o" "../match.cpp"
Finished building: ../match.cpp
 
Building target: MatchFrames
Invoking: Cross G++ Linker
g++ -L/usr/local/lib -o "MatchFrames"  ./match.o   -lopencv_core -lopencv_imgproc -lopencv_highgui -lopencv_imgcodecs -lopencv_videoio -lopencv_xfeatures2d -lopencv_features2d
Finished building target: MatchFrames
 
23:09:15 **** Incremental Build of configuration Debug for project MatchFrames ****
make all 
make: Nothing to be done for 'all'.
23:10:57 **** Incremental Build of configuration Debug for project MatchFrames ****
make all 
make: Nothing to be done for 'all'.
23:11:15 **** Incremental Build of configuration Debug for project MatchFrames ****
make all 
make: Nothing to be done for 'all'.
23:11:31 **** Incremental Build of configuration Debug for project MatchFrames ****
make all 
make: Nothing to be done for 'all'.
23:12:35 **** Incremental Build of configuration Debug for project MatchFrames ****
make all 
make: Nothing to be done for 'all'.
09:42:26 **** Incremental Build of configuration Debug for project BuildScene ****
make all 
Building file: ../build.cpp
Invoking: Cross G++ Compiler
g++ -I/usr/local/include/opencv -O0 -g3 -Wall -c -fmessage-length=0 -MMD -MP -MF"build.d" -MT"build.o" -o "build.o" "../build.cpp"
Finished building: ../build.cpp
 
Building target: BuildScene
Invoking: Cross G++ Linker
g++ -L/usr/local/lib -o "BuildScene"  ./build.o   -lopencv_core -lopencv_imgproc -lopencv_highgui -lopencv_imgcodecs -lopencv_videoio -lopencv_xfeatures2d -lopencv_features2d
Finished building target: BuildScene
 
09:42:34 **** Incremental Build of configuration Debug for project BuildScene ****
make all 
make: Nothing to be done for 'all'.
09:43:15 **** Incremental Build of configuration Debug for project BuildScene ****
make all 
make: Nothing to be done for 'all'.
09:43:48 **** Incremental Build of configuration Release for project BuildScene ****
make all 
Building file: ../build.cpp
Invoking: Cross G++ Compiler
g++ -I/usr/local/include/opencv -O3 -Wall -c -fmessage-length=0 -MMD -MP -MF"build.d" -MT"build.o" -o "build.o" "../build.cpp"
Finished building: ../build.cpp
 
Building target: BuildScene
Invoking: Cross G++ Linker
g++ -L/usr/local/lib -o "BuildScene"  ./build.o   -lopencv_core -lopencv_imgproc -lopencv_highgui -lopencv_imgcodecs -lopencv_videoio -lopencv_xfeatures2d -lopencv_features2d
Finished building target: BuildScene
 
09:44:19 **** Incremental Build of configuration Debug for project BuildScene ****
make all 
Building file: ../build.cpp
Invoking: Cross G++ Compiler
g++ -I/usr/local/include/opencv -O0 -g3 -Wall -c -fmessage-length=0 -MMD -MP -MF"build.d" -MT"build.o" -o "build.o" "../build.cpp"
Finished building: ../build.cpp
 
Building target: BuildScene
Invoking: Cross G++ Linker
g++ -L/usr/local/lib -o "BuildScene"  ./build.o   -lopencv_core -lopencv_imgproc -lopencv_highgui -lopencv_imgcodecs -lopencv_videoio -lopencv_xfeatures2d -lopencv_features2d
Finished building target: BuildScene
 
09:46:08 **** Incremental Build of configuration Debug for project BuildScene ****
make all 
make: Nothing to be done for 'all'.
09:48:40 **** Incremental Build of configuration Debug for project BuildScene ****
make all 
make: Nothing to be done for 'all'.
09:56:03 **** Incremental Build of configuration Debug for project BuildScene ****
make all 
Building file: ../build.cpp
Invoking: Cross G++ Compiler
g++ -I/usr/local/include/opencv -O0 -g3 -Wall -c -fmessage-length=0 -MMD -MP -MF"build.d" -MT"build.o" -o "build.o" "../build.cpp"
Finished building: ../build.cpp
 
Building target: BuildScene
Invoking: Cross G++ Linker
g++ -L/usr/local/lib -o "BuildScene"  ./build.o   -lopencv_core -lopencv_imgproc -lopencv_highgui -lopencv_imgcodecs -lopencv_videoio -lopencv_xfeatures2d -lopencv_features2d
Finished building target: BuildScene
 
12:46:53 **** Incremental Build of configuration Debug for project BuildScene ****
make all 
make: Nothing to be done for 'all'.
12:51:23 **** Incremental Build of configuration Debug for project BuildScene ****
make all 
Building file: ../build.cpp
Invoking: Cross G++ Compiler
g++ -I/usr/local/include/opencv -O0 -g3 -Wall -c -fmessage-length=0 -MMD -MP -MF"build.d" -MT"build.o" -o "build.o" "../build.cpp"
Finished building: ../build.cpp
 
Building target: BuildScene
Invoking: Cross G++ Linker
g++ -L/usr/local/lib -o "BuildScene"  ./build.o   -lopencv_core -lopencv_imgproc -lopencv_highgui -lopencv_imgcodecs -lopencv_videoio -lopencv_xfeatures2d -lopencv_features2d
Finished building target: BuildScene
 
13:05:59 **** Incremental Build of configuration Release for project BuildScene ****
make all 
Building file: ../build.cpp
Invoking: Cross G++ Compiler
g++ -I/usr/local/include/opencv -O3 -Wall -c -fmessage-length=0 -MMD -MP -MF"build.d" -MT"build.o" -o "build.o" "../build.cpp"
../build.cpp: In function ‘int findfund(std::vector<cv::KeyPoint>**, std::vector<cv::KeyPoint>**, std::vector<cv::DMatch>**, Eigen::MatrixXd**)’:
../build.cpp:254:15: warning: unused variable ‘ns’ [-Wunused-variable]
  unsigned int ns = A.rows();
               ^
Finished building: ../build.cpp
 
Building target: BuildScene
Invoking: Cross G++ Linker
g++ -L/usr/local/lib -o "BuildScene"  ./build.o   -lopencv_core -lopencv_imgproc -lopencv_highgui -lopencv_imgcodecs -lopencv_videoio -lopencv_xfeatures2d -lopencv_features2d
Finished building target: BuildScene
 
13:06:22 **** Incremental Build of configuration Release for project BuildScene ****
make all 
Building file: ../build.cpp
Invoking: Cross G++ Compiler
g++ -I/usr/local/include/opencv -O3 -Wall -c -fmessage-length=0 -MMD -MP -MF"build.d" -MT"build.o" -o "build.o" "../build.cpp"
Finished building: ../build.cpp
 
Building target: BuildScene
Invoking: Cross G++ Linker
g++ -L/usr/local/lib -o "BuildScene"  ./build.o   -lopencv_core -lopencv_imgproc -lopencv_highgui -lopencv_imgcodecs -lopencv_videoio -lopencv_xfeatures2d -lopencv_features2d
Finished building target: BuildScene
 
13:06:30 **** Incremental Build of configuration Debug for project BuildScene ****
make all 
Building file: ../build.cpp
Invoking: Cross G++ Compiler
g++ -I/usr/local/include/opencv -O0 -g3 -Wall -c -fmessage-length=0 -MMD -MP -MF"build.d" -MT"build.o" -o "build.o" "../build.cpp"
Finished building: ../build.cpp
 
Building target: BuildScene
Invoking: Cross G++ Linker
g++ -L/usr/local/lib -o "BuildScene"  ./build.o   -lopencv_core -lopencv_imgproc -lopencv_highgui -lopencv_imgcodecs -lopencv_videoio -lopencv_xfeatures2d -lopencv_features2d
Finished building target: BuildScene
 
13:15:43 **** Incremental Build of configuration Release for project BuildScene ****
make all 
Building file: ../build.cpp
Invoking: Cross G++ Compiler
g++ -I/usr/local/include/opencv -O3 -Wall -c -fmessage-length=0 -MMD -MP -MF"build.d" -MT"build.o" -o "build.o" "../build.cpp"
Finished building: ../build.cpp
 
Building target: BuildScene
Invoking: Cross G++ Linker
g++ -L/usr/local/lib -o "BuildScene"  ./build.o   -lopencv_core -lopencv_imgproc -lopencv_highgui -lopencv_imgcodecs -lopencv_videoio -lopencv_xfeatures2d -lopencv_features2d
Finished building target: BuildScene
 
13:16:01 **** Incremental Build of configuration Debug for project BuildScene ****
make all 
Building file: ../build.cpp
Invoking: Cross G++ Compiler
g++ -I/usr/local/include/opencv -O0 -g3 -Wall -c -fmessage-length=0 -MMD -MP -MF"build.d" -MT"build.o" -o "build.o" "../build.cpp"
Finished building: ../build.cpp
 
Building target: BuildScene
Invoking: Cross G++ Linker
g++ -L/usr/local/lib -o "BuildScene"  ./build.o   -lopencv_core -lopencv_imgproc -lopencv_highgui -lopencv_imgcodecs -lopencv_videoio -lopencv_xfeatures2d -lopencv_features2d
Finished building target: BuildScene
 
14:57:25 **** Incremental Build of configuration Release for project BuildScene ****
make all 
Building file: ../build.cpp
Invoking: Cross G++ Compiler
g++ -I/usr/local/include/opencv -O3 -Wall -c -fmessage-length=0 -MMD -MP -MF"build.d" -MT"build.o" -o "build.o" "../build.cpp"
Finished building: ../build.cpp
 
Building target: BuildScene
Invoking: Cross G++ Linker
g++ -L/usr/local/lib -o "BuildScene"  ./build.o   -lopencv_core -lopencv_imgproc -lopencv_highgui -lopencv_imgcodecs -lopencv_videoio -lopencv_xfeatures2d -lopencv_features2d
Finished building target: BuildScene
 
14:57:36 **** Incremental Build of configuration Debug for project BuildScene ****
make all 
Building file: ../build.cpp
Invoking: Cross G++ Compiler
g++ -I/usr/local/include/opencv -O0 -g3 -Wall -c -fmessage-length=0 -MMD -MP -MF"build.d" -MT"build.o" -o "build.o" "../build.cpp"
Finished building: ../build.cpp
 
Building target: BuildScene
Invoking: Cross G++ Linker
g++ -L/usr/local/lib -o "BuildScene"  ./build.o   -lopencv_core -lopencv_imgproc -lopencv_highgui -lopencv_imgcodecs -lopencv_videoio -lopencv_xfeatures2d -lopencv_features2d
Finished building target: BuildScene
 
15:00:49 **** Incremental Build of configuration Release for project BuildScene ****
make all 
Building file: ../build.cpp
Invoking: Cross G++ Compiler
g++ -I/usr/local/include/opencv -O3 -Wall -c -fmessage-length=0 -MMD -MP -MF"build.d" -MT"build.o" -o "build.o" "../build.cpp"
Finished building: ../build.cpp
 
Building target: BuildScene
Invoking: Cross G++ Linker
g++ -L/usr/local/lib -o "BuildScene"  ./build.o   -lopencv_core -lopencv_imgproc -lopencv_highgui -lopencv_imgcodecs -lopencv_videoio -lopencv_xfeatures2d -lopencv_features2d
Finished building target: BuildScene
 
15:02:35 **** Incremental Build of configuration Release for project BuildScene ****
make all 
Building file: ../build.cpp
Invoking: Cross G++ Compiler
g++ -I/usr/local/include/opencv -O3 -Wall -c -fmessage-length=0 -MMD -MP -MF"build.d" -MT"build.o" -o "build.o" "../build.cpp"
../build.cpp: In function ‘int findfund(std::vector<cv::KeyPoint>**, std::vector<cv::KeyPoint>**, std::vector<cv::DMatch>**, Eigen::MatrixXd**)’:
../build.cpp:263:15: error: invalid operands of types ‘<unresolved overloaded function type>’ and ‘float’ to binary ‘operator<<’
   count << p1.x << endl;
               ^
subdir.mk:18: recipe for target 'build.o' failed
make: *** [build.o] Error 1
15:02:40 **** Incremental Build of configuration Release for project BuildScene ****
make all 
Building file: ../build.cpp
Invoking: Cross G++ Compiler
g++ -I/usr/local/include/opencv -O3 -Wall -c -fmessage-length=0 -MMD -MP -MF"build.d" -MT"build.o" -o "build.o" "../build.cpp"
Finished building: ../build.cpp
 
Building target: BuildScene
Invoking: Cross G++ Linker
g++ -L/usr/local/lib -o "BuildScene"  ./build.o   -lopencv_core -lopencv_imgproc -lopencv_highgui -lopencv_imgcodecs -lopencv_videoio -lopencv_xfeatures2d -lopencv_features2d
Finished building target: BuildScene
 
15:02:46 **** Incremental Build of configuration Debug for project BuildScene ****
make all 
Building file: ../build.cpp
Invoking: Cross G++ Compiler
g++ -I/usr/local/include/opencv -O0 -g3 -Wall -c -fmessage-length=0 -MMD -MP -MF"build.d" -MT"build.o" -o "build.o" "../build.cpp"
Finished building: ../build.cpp
 
Building target: BuildScene
Invoking: Cross G++ Linker
g++ -L/usr/local/lib -o "BuildScene"  ./build.o   -lopencv_core -lopencv_imgproc -lopencv_highgui -lopencv_imgcodecs -lopencv_videoio -lopencv_xfeatures2d -lopencv_features2d
Finished building target: BuildScene
 
15:02:53 **** Incremental Build of configuration Debug for project BuildScene ****
make all 
make: Nothing to be done for 'all'.
15:02:53 **** Incremental Build of configuration Debug for project BuildScene ****
make all 
make: Nothing to be done for 'all'.
15:33:06 **** Incremental Build of configuration Release for project BuildScene ****
make all 
Building file: ../build.cpp
Invoking: Cross G++ Compiler
g++ -I/usr/local/include/opencv -O3 -Wall -c -fmessage-length=0 -MMD -MP -MF"build.d" -MT"build.o" -o "build.o" "../build.cpp"
../build.cpp: In function ‘int findfund(std::vector<cv::KeyPoint>**, std::vector<cv::KeyPoint>**, std::vector<cv::DMatch>**, Eigen::MatrixXd**)’:
../build.cpp:307:59: error: invalid initialization of non-const reference of type ‘Eigen::Matrix<double, -1, -1>&’ from an rvalue of type ‘Eigen::Matrix<double, -1, -1>’
   (**pfundm) = svd.matrixU()*Diagonal<MatrixXd>(singvalues)*svd.matrixV().conjugate().transpose();
                                                           ^
In file included from /home/diego/softwares/eigen3.3/Eigen/Core:437:0,
                 from /home/diego/softwares/eigen3.3/Eigen/Dense:1,
                 from ../build.cpp:17:
/home/diego/softwares/eigen3.3/Eigen/src/Core/Matrix.h:378:25: note:   after user-defined conversion: Eigen::Matrix<_Scalar, _Rows, _Cols, _Options, _MaxRows, _MaxCols>::Matrix(const Eigen::EigenBase<OtherDerived>&) [with OtherDerived = Eigen::Matrix<double, -1, 1>; _Scalar = double; int _Rows = -1; int _Cols = -1; int _Options = 0; int _MaxRows = -1; int _MaxCols = -1]
     EIGEN_STRONG_INLINE Matrix(const EigenBase<OtherDerived> &other)
                         ^
In file included from /home/diego/softwares/eigen3.3/Eigen/Core:455:0,
                 from /home/diego/softwares/eigen3.3/Eigen/Dense:1,
                 from ../build.cpp:17:
/home/diego/softwares/eigen3.3/Eigen/src/Core/Diagonal.h:73:21: note:   initializing argument 1 of ‘Eigen::Diagonal<MatrixType, Index>::Diagonal(MatrixType&, Eigen::Index) [with MatrixType = Eigen::Matrix<double, -1, -1>; int _DiagIndex = 0; Eigen::Index = long int]’
     explicit inline Diagonal(MatrixType& matrix, Index a_index = DiagIndex) : m_matrix(matrix), m_index(a_index) {}
                     ^
In file included from /home/diego/softwares/eigen3.3/Eigen/Core:347:0,
                 from /home/diego/softwares/eigen3.3/Eigen/Dense:1,
                 from ../build.cpp:17:
/home/diego/softwares/eigen3.3/Eigen/src/Core/AssignEvaluator.h: In instantiation of ‘void Eigen::internal::call_assignment_no_alias(Dst&, const Src&, const Func&) [with Dst = Eigen::Matrix<float, -1, -1>; Src = Eigen::Matrix<double, -1, -1>; Func = Eigen::internal::assign_op<float, double>]’:
/home/diego/softwares/eigen3.3/Eigen/src/Core/PlainObjectBase.h:728:41:   required from ‘Derived& Eigen::PlainObjectBase<Derived>::_set_noalias(const Eigen::DenseBase<OtherDerived>&) [with OtherDerived = Eigen::Matrix<double, -1, -1>; Derived = Eigen::Matrix<float, -1, -1>]’
/home/diego/softwares/eigen3.3/Eigen/src/Core/PlainObjectBase.h:537:19:   required from ‘Eigen::PlainObjectBase<Derived>::PlainObjectBase(const Eigen::DenseBase<OtherDerived>&) [with OtherDerived = Eigen::Matrix<double, -1, -1>; Derived = Eigen::Matrix<float, -1, -1>]’
/home/diego/softwares/eigen3.3/Eigen/src/Core/Matrix.h:379:29:   required from ‘Eigen::Matrix<_Scalar, _Rows, _Cols, _Options, _MaxRows, _MaxCols>::Matrix(const Eigen::EigenBase<OtherDerived>&) [with OtherDerived = Eigen::Matrix<double, -1, -1>; _Scalar = float; int _Rows = -1; int _Cols = -1; int _Options = 0; int _MaxRows = -1; int _MaxCols = -1]’
../build.cpp:304:66:   required from here
/home/diego/softwares/eigen3.3/Eigen/src/Core/AssignEvaluator.h:834:3: error: ‘YOU_MIXED_DIFFERENT_NUMERIC_TYPES__YOU_NEED_TO_USE_THE_CAST_METHOD_OF_MATRIXBASE_TO_CAST_NUMERIC_TYPES_EXPLICITLY’ is not a member of ‘Eigen::internal::static_assertion<false>’
   EIGEN_CHECK_BINARY_COMPATIBILIY(Func,typename ActualDstTypeCleaned::Scalar,typename Src::Scalar);
   ^
/home/diego/softwares/eigen3.3/Eigen/src/Core/AssignEvaluator.h: In instantiation of ‘void Eigen::internal::call_assignment_no_alias(Dst&, const Src&, const Func&) [with Dst = Eigen::Matrix<double, -1, 1>; Src = Eigen::Matrix<float, -1, 1>; Func = Eigen::internal::assign_op<double, float>]’:
/home/diego/softwares/eigen3.3/Eigen/src/Core/PlainObjectBase.h:728:41:   required from ‘Derived& Eigen::PlainObjectBase<Derived>::_set_noalias(const Eigen::DenseBase<OtherDerived>&) [with OtherDerived = Eigen::Matrix<float, -1, 1>; Derived = Eigen::Matrix<double, -1, 1>]’
/home/diego/softwares/eigen3.3/Eigen/src/Core/PlainObjectBase.h:537:19:   required from ‘Eigen::PlainObjectBase<Derived>::PlainObjectBase(const Eigen::DenseBase<OtherDerived>&) [with OtherDerived = Eigen::Matrix<float, -1, 1>; Derived = Eigen::Matrix<double, -1, 1>]’
/home/diego/softwares/eigen3.3/Eigen/src/Core/Matrix.h:379:29:   required from ‘Eigen::Matrix<_Scalar, _Rows, _Cols, _Options, _MaxRows, _MaxCols>::Matrix(const Eigen::EigenBase<OtherDerived>&) [with OtherDerived = Eigen::Matrix<float, -1, 1>; _Scalar = double; int _Rows = -1; int _Cols = 1; int _Options = 0; int _MaxRows = -1; int _MaxCols = 1]’
../build.cpp:305:44:   required from here
/home/diego/softwares/eigen3.3/Eigen/src/Core/AssignEvaluator.h:834:3: error: ‘YOU_MIXED_DIFFERENT_NUMERIC_TYPES__YOU_NEED_TO_USE_THE_CAST_METHOD_OF_MATRIXBASE_TO_CAST_NUMERIC_TYPES_EXPLICITLY’ is not a member of ‘Eigen::internal::static_assertion<false>’
make: *** [build.o] Error 1
subdir.mk:18: recipe for target 'build.o' failed
15:33:25 **** Incremental Build of configuration Release for project BuildScene ****
make all 
Building file: ../build.cpp
Invoking: Cross G++ Compiler
g++ -I/usr/local/include/opencv -O3 -Wall -c -fmessage-length=0 -MMD -MP -MF"build.d" -MT"build.o" -o "build.o" "../build.cpp"
../build.cpp: In function ‘int findfund(std::vector<cv::KeyPoint>**, std::vector<cv::KeyPoint>**, std::vector<cv::DMatch>**, Eigen::MatrixXd**)’:
../build.cpp:307:61: error: invalid initialization of non-const reference of type ‘Eigen::Matrix<double, -1, -1>&’ from an rvalue of type ‘Eigen::Matrix<double, -1, -1>’
   (**pfundm) = svd.matrixU()*Diagonal<MatrixXd,0>(singvalues)*svd.matrixV().conjugate().transpose();
                                                             ^
In file included from /home/diego/softwares/eigen3.3/Eigen/Core:437:0,
                 from /home/diego/softwares/eigen3.3/Eigen/Dense:1,
                 from ../build.cpp:17:
/home/diego/softwares/eigen3.3/Eigen/src/Core/Matrix.h:378:25: note:   after user-defined conversion: Eigen::Matrix<_Scalar, _Rows, _Cols, _Options, _MaxRows, _MaxCols>::Matrix(const Eigen::EigenBase<OtherDerived>&) [with OtherDerived = Eigen::Matrix<double, -1, 1>; _Scalar = double; int _Rows = -1; int _Cols = -1; int _Options = 0; int _MaxRows = -1; int _MaxCols = -1]
     EIGEN_STRONG_INLINE Matrix(const EigenBase<OtherDerived> &other)
                         ^
In file included from /home/diego/softwares/eigen3.3/Eigen/Core:455:0,
                 from /home/diego/softwares/eigen3.3/Eigen/Dense:1,
                 from ../build.cpp:17:
/home/diego/softwares/eigen3.3/Eigen/src/Core/Diagonal.h:73:21: note:   initializing argument 1 of ‘Eigen::Diagonal<MatrixType, Index>::Diagonal(MatrixType&, Eigen::Index) [with MatrixType = Eigen::Matrix<double, -1, -1>; int _DiagIndex = 0; Eigen::Index = long int]’
     explicit inline Diagonal(MatrixType& matrix, Index a_index = DiagIndex) : m_matrix(matrix), m_index(a_index) {}
                     ^
In file included from /home/diego/softwares/eigen3.3/Eigen/Core:347:0,
                 from /home/diego/softwares/eigen3.3/Eigen/Dense:1,
                 from ../build.cpp:17:
/home/diego/softwares/eigen3.3/Eigen/src/Core/AssignEvaluator.h: In instantiation of ‘void Eigen::internal::call_assignment_no_alias(Dst&, const Src&, const Func&) [with Dst = Eigen::Matrix<float, -1, -1>; Src = Eigen::Matrix<double, -1, -1>; Func = Eigen::internal::assign_op<float, double>]’:
/home/diego/softwares/eigen3.3/Eigen/src/Core/PlainObjectBase.h:728:41:   required from ‘Derived& Eigen::PlainObjectBase<Derived>::_set_noalias(const Eigen::DenseBase<OtherDerived>&) [with OtherDerived = Eigen::Matrix<double, -1, -1>; Derived = Eigen::Matrix<float, -1, -1>]’
/home/diego/softwares/eigen3.3/Eigen/src/Core/PlainObjectBase.h:537:19:   required from ‘Eigen::PlainObjectBase<Derived>::PlainObjectBase(const Eigen::DenseBase<OtherDerived>&) [with OtherDerived = Eigen::Matrix<double, -1, -1>; Derived = Eigen::Matrix<float, -1, -1>]’
/home/diego/softwares/eigen3.3/Eigen/src/Core/Matrix.h:379:29:   required from ‘Eigen::Matrix<_Scalar, _Rows, _Cols, _Options, _MaxRows, _MaxCols>::Matrix(const Eigen::EigenBase<OtherDerived>&) [with OtherDerived = Eigen::Matrix<double, -1, -1>; _Scalar = float; int _Rows = -1; int _Cols = -1; int _Options = 0; int _MaxRows = -1; int _MaxCols = -1]’
../build.cpp:304:66:   required from here
/home/diego/softwares/eigen3.3/Eigen/src/Core/AssignEvaluator.h:834:3: error: ‘YOU_MIXED_DIFFERENT_NUMERIC_TYPES__YOU_NEED_TO_USE_THE_CAST_METHOD_OF_MATRIXBASE_TO_CAST_NUMERIC_TYPES_EXPLICITLY’ is not a member of ‘Eigen::internal::static_assertion<false>’
   EIGEN_CHECK_BINARY_COMPATIBILIY(Func,typename ActualDstTypeCleaned::Scalar,typename Src::Scalar);
   ^
/home/diego/softwares/eigen3.3/Eigen/src/Core/AssignEvaluator.h: In instantiation of ‘void Eigen::internal::call_assignment_no_alias(Dst&, const Src&, const Func&) [with Dst = Eigen::Matrix<double, -1, 1>; Src = Eigen::Matrix<float, -1, 1>; Func = Eigen::internal::assign_op<double, float>]’:
/home/diego/softwares/eigen3.3/Eigen/src/Core/PlainObjectBase.h:728:41:   required from ‘Derived& Eigen::PlainObjectBase<Derived>::_set_noalias(const Eigen::DenseBase<OtherDerived>&) [with OtherDerived = Eigen::Matrix<float, -1, 1>; Derived = Eigen::Matrix<double, -1, 1>]’
/home/diego/softwares/eigen3.3/Eigen/src/Core/PlainObjectBase.h:537:19:   required from ‘Eigen::PlainObjectBase<Derived>::PlainObjectBase(const Eigen::DenseBase<OtherDerived>&) [with OtherDerived = Eigen::Matrix<float, -1, 1>; Derived = Eigen::Matrix<double, -1, 1>]’
/home/diego/softwares/eigen3.3/Eigen/src/Core/Matrix.h:379:29:   required from ‘Eigen::Matrix<_Scalar, _Rows, _Cols, _Options, _MaxRows, _MaxCols>::Matrix(const Eigen::EigenBase<OtherDerived>&) [with OtherDerived = Eigen::Matrix<float, -1, 1>; _Scalar = double; int _Rows = -1; int _Cols = 1; int _Options = 0; int _MaxRows = -1; int _MaxCols = 1]’
../build.cpp:305:44:   required from here
/home/diego/softwares/eigen3.3/Eigen/src/Core/AssignEvaluator.h:834:3: error: ‘YOU_MIXED_DIFFERENT_NUMERIC_TYPES__YOU_NEED_TO_USE_THE_CAST_METHOD_OF_MATRIXBASE_TO_CAST_NUMERIC_TYPES_EXPLICITLY’ is not a member of ‘Eigen::internal::static_assertion<false>’
subdir.mk:18: recipe for target 'build.o' failed
make: *** [build.o] Error 1
15:33:53 **** Incremental Build of configuration Release for project BuildScene ****
make all 
Building file: ../build.cpp
Invoking: Cross G++ Compiler
g++ -I/usr/local/include/opencv -O3 -Wall -c -fmessage-length=0 -MMD -MP -MF"build.d" -MT"build.o" -o "build.o" "../build.cpp"
../build.cpp: In function ‘int findfund(std::vector<cv::KeyPoint>**, std::vector<cv::KeyPoint>**, std::vector<cv::DMatch>**, Eigen::MatrixXd**)’:
../build.cpp:307:61: error: invalid initialization of non-const reference of type ‘Eigen::Matrix<double, -1, -1>&’ from an rvalue of type ‘Eigen::Matrix<double, -1, -1>’
   (**pfundm) = svd.matrixU()*Diagonal<MatrixXd,0>(singvalues)*svd.matrixV().conjugate().transpose();
                                                             ^
In file included from /home/diego/softwares/eigen3.3/Eigen/Core:437:0,
                 from /home/diego/softwares/eigen3.3/Eigen/Dense:1,
                 from ../build.cpp:17:
/home/diego/softwares/eigen3.3/Eigen/src/Core/Matrix.h:378:25: note:   after user-defined conversion: Eigen::Matrix<_Scalar, _Rows, _Cols, _Options, _MaxRows, _MaxCols>::Matrix(const Eigen::EigenBase<OtherDerived>&) [with OtherDerived = Eigen::Matrix<double, -1, 1>; _Scalar = double; int _Rows = -1; int _Cols = -1; int _Options = 0; int _MaxRows = -1; int _MaxCols = -1]
     EIGEN_STRONG_INLINE Matrix(const EigenBase<OtherDerived> &other)
                         ^
In file included from /home/diego/softwares/eigen3.3/Eigen/Core:455:0,
                 from /home/diego/softwares/eigen3.3/Eigen/Dense:1,
                 from ../build.cpp:17:
/home/diego/softwares/eigen3.3/Eigen/src/Core/Diagonal.h:73:21: note:   initializing argument 1 of ‘Eigen::Diagonal<MatrixType, Index>::Diagonal(MatrixType&, Eigen::Index) [with MatrixType = Eigen::Matrix<double, -1, -1>; int _DiagIndex = 0; Eigen::Index = long int]’
     explicit inline Diagonal(MatrixType& matrix, Index a_index = DiagIndex) : m_matrix(matrix), m_index(a_index) {}
                     ^
make: *** [build.o] Error 1
subdir.mk:18: recipe for target 'build.o' failed
15:36:00 **** Incremental Build of configuration Release for project BuildScene ****
make all 
Building file: ../build.cpp
Invoking: Cross G++ Compiler
g++ -I/usr/local/include/opencv -O3 -Wall -c -fmessage-length=0 -MMD -MP -MF"build.d" -MT"build.o" -o "build.o" "../build.cpp"
../build.cpp: In function ‘int findfund(std::vector<cv::KeyPoint>**, std::vector<cv::KeyPoint>**, std::vector<cv::DMatch>**, Eigen::MatrixXd**)’:
../build.cpp:307:61: error: invalid initialization of non-const reference of type ‘Eigen::Matrix<double, -1, -1>&’ from an rvalue of type ‘Eigen::Matrix<double, -1, -1>’
   (**pfundm) = svd.matrixU()*Diagonal<MatrixXd,0>(singvalues)*svd.matrixV().conjugate().transpose();
                                                             ^
In file included from /home/diego/softwares/eigen3.3/Eigen/Core:437:0,
                 from /home/diego/softwares/eigen3.3/Eigen/Dense:1,
                 from ../build.cpp:17:
/home/diego/softwares/eigen3.3/Eigen/src/Core/Matrix.h:378:25: note:   after user-defined conversion: Eigen::Matrix<_Scalar, _Rows, _Cols, _Options, _MaxRows, _MaxCols>::Matrix(const Eigen::EigenBase<OtherDerived>&) [with OtherDerived = Eigen::Matrix<double, -1, 1>; _Scalar = double; int _Rows = -1; int _Cols = -1; int _Options = 0; int _MaxRows = -1; int _MaxCols = -1]
     EIGEN_STRONG_INLINE Matrix(const EigenBase<OtherDerived> &other)
                         ^
In file included from /home/diego/softwares/eigen3.3/Eigen/Core:455:0,
                 from /home/diego/softwares/eigen3.3/Eigen/Dense:1,
                 from ../build.cpp:17:
/home/diego/softwares/eigen3.3/Eigen/src/Core/Diagonal.h:73:21: note:   initializing argument 1 of ‘Eigen::Diagonal<MatrixType, Index>::Diagonal(MatrixType&, Eigen::Index) [with MatrixType = Eigen::Matrix<double, -1, -1>; int _DiagIndex = 0; Eigen::Index = long int]’
     explicit inline Diagonal(MatrixType& matrix, Index a_index = DiagIndex) : m_matrix(matrix), m_index(a_index) {}
                     ^
make: *** [build.o] Error 1
subdir.mk:18: recipe for target 'build.o' failed
15:36:46 **** Incremental Build of configuration Release for project BuildScene ****
make all 
Building file: ../build.cpp
Invoking: Cross G++ Compiler
g++ -I/usr/local/include/opencv -O3 -Wall -c -fmessage-length=0 -MMD -MP -MF"build.d" -MT"build.o" -o "build.o" "../build.cpp"
Finished building: ../build.cpp
 
Building target: BuildScene
Invoking: Cross G++ Linker
g++ -L/usr/local/lib -o "BuildScene"  ./build.o   -lopencv_core -lopencv_imgproc -lopencv_highgui -lopencv_imgcodecs -lopencv_videoio -lopencv_xfeatures2d -lopencv_features2d
Finished building target: BuildScene
 
15:37:18 **** Incremental Build of configuration Release for project BuildScene ****
make all 
Building file: ../build.cpp
Invoking: Cross G++ Compiler
g++ -I/usr/local/include/opencv -O3 -Wall -c -fmessage-length=0 -MMD -MP -MF"build.d" -MT"build.o" -o "build.o" "../build.cpp"
../build.cpp: In function ‘int findfund(std::vector<cv::KeyPoint>**, std::vector<cv::KeyPoint>**, std::vector<cv::DMatch>**, Eigen::MatrixXd**)’:
../build.cpp:307:61: error: invalid initialization of non-const reference of type ‘Eigen::Matrix<double, -1, -1>&’ from an rvalue of type ‘Eigen::Matrix<double, -1, -1>’
   (**pfundm) = svd.matrixU()*Diagonal<MatrixXd,0>(singvalues);//*svd.matrixV().conjugate().transpose();
                                                             ^
In file included from /home/diego/softwares/eigen3.3/Eigen/Core:437:0,
                 from /home/diego/softwares/eigen3.3/Eigen/Dense:1,
                 from ../build.cpp:17:
/home/diego/softwares/eigen3.3/Eigen/src/Core/Matrix.h:378:25: note:   after user-defined conversion: Eigen::Matrix<_Scalar, _Rows, _Cols, _Options, _MaxRows, _MaxCols>::Matrix(const Eigen::EigenBase<OtherDerived>&) [with OtherDerived = Eigen::Matrix<double, -1, 1>; _Scalar = double; int _Rows = -1; int _Cols = -1; int _Options = 0; int _MaxRows = -1; int _MaxCols = -1]
     EIGEN_STRONG_INLINE Matrix(const EigenBase<OtherDerived> &other)
                         ^
In file included from /home/diego/softwares/eigen3.3/Eigen/Core:455:0,
                 from /home/diego/softwares/eigen3.3/Eigen/Dense:1,
                 from ../build.cpp:17:
/home/diego/softwares/eigen3.3/Eigen/src/Core/Diagonal.h:73:21: note:   initializing argument 1 of ‘Eigen::Diagonal<MatrixType, Index>::Diagonal(MatrixType&, Eigen::Index) [with MatrixType = Eigen::Matrix<double, -1, -1>; int _DiagIndex = 0; Eigen::Index = long int]’
     explicit inline Diagonal(MatrixType& matrix, Index a_index = DiagIndex) : m_matrix(matrix), m_index(a_index) {}
                     ^
subdir.mk:18: recipe for target 'build.o' failed
make: *** [build.o] Error 1
15:39:18 **** Incremental Build of configuration Release for project BuildScene ****
make all 
Building file: ../build.cpp
Invoking: Cross G++ Compiler
g++ -I/usr/local/include/opencv -O3 -Wall -c -fmessage-length=0 -MMD -MP -MF"build.d" -MT"build.o" -o "build.o" "../build.cpp"
Finished building: ../build.cpp
 
Building target: BuildScene
Invoking: Cross G++ Linker
g++ -L/usr/local/lib -o "BuildScene"  ./build.o   -lopencv_core -lopencv_imgproc -lopencv_highgui -lopencv_imgcodecs -lopencv_videoio -lopencv_xfeatures2d -lopencv_features2d
Finished building target: BuildScene
 
15:39:50 **** Incremental Build of configuration Debug for project BuildScene ****
make all 
Building file: ../build.cpp
Invoking: Cross G++ Compiler
g++ -I/usr/local/include/opencv -O0 -g3 -Wall -c -fmessage-length=0 -MMD -MP -MF"build.d" -MT"build.o" -o "build.o" "../build.cpp"
Finished building: ../build.cpp
 
Building target: BuildScene
Invoking: Cross G++ Linker
g++ -L/usr/local/lib -o "BuildScene"  ./build.o   -lopencv_core -lopencv_imgproc -lopencv_highgui -lopencv_imgcodecs -lopencv_videoio -lopencv_xfeatures2d -lopencv_features2d
Finished building target: BuildScene
 
15:40:03 **** Incremental Build of configuration Release for project BuildScene ****
make all 
Building target: BuildScene
Invoking: Cross G++ Linker
g++ -L/usr/local/lib -o "BuildScene"  ./build.o   -lopencv_core -lopencv_imgproc -lopencv_highgui -lopencv_imgcodecs -lopencv_videoio -lopencv_xfeatures2d -lopencv_features2d
Finished building target: BuildScene
 
15:40:08 **** Incremental Build of configuration Debug for project BuildScene ****
make all 
make: Nothing to be done for 'all'.
15:41:24 **** Incremental Build of configuration Release for project BuildScene ****
make all 
make: Nothing to be done for 'all'.
15:41:26 **** Incremental Build of configuration Release for project BuildScene ****
make all 
make: Nothing to be done for 'all'.
15:42:37 **** Incremental Build of configuration Release for project BuildScene ****
make all 
make: Nothing to be done for 'all'.
15:47:41 **** Incremental Build of configuration Release for project BuildScene ****
make all 
Building file: ../build.cpp
Invoking: Cross G++ Compiler
g++ -I/usr/local/include/opencv -O3 -Wall -c -fmessage-length=0 -MMD -MP -MF"build.d" -MT"build.o" -o "build.o" "../build.cpp"
Finished building: ../build.cpp
 
Building target: BuildScene
Invoking: Cross G++ Linker
g++ -L/usr/local/lib -o "BuildScene"  ./build.o   -lopencv_core -lopencv_imgproc -lopencv_highgui -lopencv_imgcodecs -lopencv_videoio -lopencv_xfeatures2d -lopencv_features2d
Finished building target: BuildScene
 
15:47:53 **** Incremental Build of configuration Release for project BuildScene ****
make all 
make: Nothing to be done for 'all'.
16:34:56 **** Incremental Build of configuration Release for project BuildScene ****
make all 
Building file: ../build.cpp
Invoking: Cross G++ Compiler
g++ -I/usr/local/include/opencv -O3 -Wall -c -fmessage-length=0 -MMD -MP -MF"build.d" -MT"build.o" -o "build.o" "../build.cpp"
Finished building: ../build.cpp
 
Building target: BuildScene
Invoking: Cross G++ Linker
g++ -L/usr/local/lib -o "BuildScene"  ./build.o   -lopencv_core -lopencv_imgproc -lopencv_highgui -lopencv_imgcodecs -lopencv_videoio -lopencv_xfeatures2d -lopencv_features2d
Finished building target: BuildScene
 
16:57:00 **** Incremental Build of configuration Release for project BuildScene ****
make all 
Building file: ../build.cpp
Invoking: Cross G++ Compiler
g++ -I/usr/local/include/opencv -O3 -Wall -c -fmessage-length=0 -MMD -MP -MF"build.d" -MT"build.o" -o "build.o" "../build.cpp"
../build.cpp: In function ‘int findmats(Eigen::MatrixXd*, cv::Mat*, Eigen::MatrixXd**, Eigen::MatrixXd**, Eigen::VectorXd**)’:
../build.cpp:351:14: error: no match for ‘operator=’ (operand types are ‘Eigen::MatrixXd {aka Eigen::Matrix<double, -1, -1>}’ and ‘Eigen::MatrixXd* {aka Eigen::Matrix<double, -1, -1>*}’)
  **essential = new MatrixXd(3,3);//can be changed for fixed size in the future
              ^
In file included from /home/diego/softwares/eigen3.3/Eigen/Core:437:0,
                 from /home/diego/softwares/eigen3.3/Eigen/Dense:1,
                 from ../build.cpp:17:
/home/diego/softwares/eigen3.3/Eigen/src/Core/Matrix.h:206:33: note: candidate: Eigen::Matrix<_Scalar, _Rows, _Cols, _Options, _MaxRows, _MaxCols>& Eigen::Matrix<_Scalar, _Rows, _Cols, _Options, _MaxRows, _MaxCols>::operator=(const Eigen::Matrix<_Scalar, _Rows, _Cols, _Options, _MaxRows, _MaxCols>&) [with _Scalar = double; int _Rows = -1; int _Cols = -1; int _Options = 0; int _MaxRows = -1; int _MaxCols = -1]
     EIGEN_STRONG_INLINE Matrix& operator=(const Matrix& other)
                                 ^
/home/diego/softwares/eigen3.3/Eigen/src/Core/Matrix.h:206:33: note:   no known conversion for argument 1 from ‘Eigen::MatrixXd* {aka Eigen::Matrix<double, -1, -1>*}’ to ‘const Eigen::Matrix<double, -1, -1>&’
/home/diego/softwares/eigen3.3/Eigen/src/Core/Matrix.h:223:33: note: candidate: template<class OtherDerived> Eigen::Matrix<_Scalar, _Rows, _Cols, _Options, _MaxRows, _MaxCols>& Eigen::Matrix<_Scalar, _Rows, _Cols, _Options, _MaxRows, _MaxCols>::operator=(const Eigen::DenseBase<OtherDerived>&) [with OtherDerived = OtherDerived; _Scalar = double; int _Rows = -1; int _Cols = -1; int _Options = 0; int _MaxRows = -1; int _MaxCols = -1]
     EIGEN_STRONG_INLINE Matrix& operator=(const DenseBase<OtherDerived>& other)
                                 ^
/home/diego/softwares/eigen3.3/Eigen/src/Core/Matrix.h:223:33: note:   template argument deduction/substitution failed:
../build.cpp:351:14: note:   mismatched types ‘const Eigen::DenseBase<Derived>’ and ‘Eigen::MatrixXd* {aka Eigen::Matrix<double, -1, -1>*}’
  **essential = new MatrixXd(3,3);//can be changed for fixed size in the future
              ^
In file included from /home/diego/softwares/eigen3.3/Eigen/Core:437:0,
                 from /home/diego/softwares/eigen3.3/Eigen/Dense:1,
                 from ../build.cpp:17:
/home/diego/softwares/eigen3.3/Eigen/src/Core/Matrix.h:236:33: note: candidate: template<class OtherDerived> Eigen::Matrix<_Scalar, _Rows, _Cols, _Options, _MaxRows, _MaxCols>& Eigen::Matrix<_Scalar, _Rows, _Cols, _Options, _MaxRows, _MaxCols>::operator=(const Eigen::EigenBase<OtherDerived>&) [with OtherDerived = OtherDerived; _Scalar = double; int _Rows = -1; int _Cols = -1; int _Options = 0; int _MaxRows = -1; int _MaxCols = -1]
     EIGEN_STRONG_INLINE Matrix& operator=(const EigenBase<OtherDerived> &other)
                                 ^
/home/diego/softwares/eigen3.3/Eigen/src/Core/Matrix.h:236:33: note:   template argument deduction/substitution failed:
../build.cpp:351:14: note:   mismatched types ‘const Eigen::EigenBase<Derived>’ and ‘Eigen::MatrixXd* {aka Eigen::Matrix<double, -1, -1>*}’
  **essential = new MatrixXd(3,3);//can be changed for fixed size in the future
              ^
In file included from /home/diego/softwares/eigen3.3/Eigen/Core:437:0,
                 from /home/diego/softwares/eigen3.3/Eigen/Dense:1,
                 from ../build.cpp:17:
/home/diego/softwares/eigen3.3/Eigen/src/Core/Matrix.h:243:33: note: candidate: template<class OtherDerived> Eigen::Matrix<_Scalar, _Rows, _Cols, _Options, _MaxRows, _MaxCols>& Eigen::Matrix<_Scalar, _Rows, _Cols, _Options, _MaxRows, _MaxCols>::operator=(const Eigen::ReturnByValue<OtherDerived>&) [with OtherDerived = OtherDerived; _Scalar = double; int _Rows = -1; int _Cols = -1; int _Options = 0; int _MaxRows = -1; int _MaxCols = -1]
     EIGEN_STRONG_INLINE Matrix& operator=(const ReturnByValue<OtherDerived>& func)
                                 ^
/home/diego/softwares/eigen3.3/Eigen/src/Core/Matrix.h:243:33: note:   template argument deduction/substitution failed:
../build.cpp:351:14: note:   mismatched types ‘const Eigen::ReturnByValue<Derived>’ and ‘Eigen::MatrixXd* {aka Eigen::Matrix<double, -1, -1>*}’
  **essential = new MatrixXd(3,3);//can be changed for fixed size in the future
              ^
In file included from /home/diego/softwares/eigen3.3/Eigen/Core:437:0,
                 from /home/diego/softwares/eigen3.3/Eigen/Dense:1,
                 from ../build.cpp:17:
/home/diego/softwares/eigen3.3/Eigen/src/Core/Matrix.h:392:13: note: candidate: template<class OtherDerived> Eigen::Matrix<_Scalar, _Rows, _Cols, _Options, _MaxRows, _MaxCols>& Eigen::Matrix<_Scalar, _Rows, _Cols, _Options, _MaxRows, _MaxCols>::operator=(const Eigen::RotationBase<OtherDerived, ColsAtCompileTime>&) [with OtherDerived = OtherDerived; _Scalar = double; int _Rows = -1; int _Cols = -1; int _Options = 0; int _MaxRows = -1; int _MaxCols = -1]
     Matrix& operator=(const RotationBase<OtherDerived,ColsAtCompileTime>& r);
             ^
/home/diego/softwares/eigen3.3/Eigen/src/Core/Matrix.h:392:13: note:   template argument deduction/substitution failed:
../build.cpp:351:14: note:   mismatched types ‘const Eigen::RotationBase<OtherDerived, -1>’ and ‘Eigen::MatrixXd* {aka Eigen::Matrix<double, -1, -1>*}’
  **essential = new MatrixXd(3,3);//can be changed for fixed size in the future
              ^
../build.cpp:366:12: error: cannot convert ‘const Eigen::Product<Eigen::Product<Eigen::Matrix<double, -1, -1>, Eigen::Matrix<double, -1, -1>, 0>, Eigen::Transpose<const Eigen::Matrix<double, -1, -1> >, 0>’ to ‘Eigen::MatrixXd* {aka Eigen::Matrix<double, -1, -1>*}’ in assignment
  *rotation = svd.matrixU()*temp*svd.matrixV().transpose();
            ^
../build.cpp:373:16: error: no match for ‘operator=’ (operand types are ‘Eigen::VectorXd {aka Eigen::Matrix<double, -1, 1>}’ and ‘Eigen::VectorXd* {aka Eigen::Matrix<double, -1, 1>*}’)
  **translation = new VectorXd(3);
                ^
In file included from /home/diego/softwares/eigen3.3/Eigen/Core:437:0,
                 from /home/diego/softwares/eigen3.3/Eigen/Dense:1,
                 from ../build.cpp:17:
/home/diego/softwares/eigen3.3/Eigen/src/Core/Matrix.h:206:33: note: candidate: Eigen::Matrix<_Scalar, _Rows, _Cols, _Options, _MaxRows, _MaxCols>& Eigen::Matrix<_Scalar, _Rows, _Cols, _Options, _MaxRows, _MaxCols>::operator=(const Eigen::Matrix<_Scalar, _Rows, _Cols, _Options, _MaxRows, _MaxCols>&) [with _Scalar = double; int _Rows = -1; int _Cols = 1; int _Options = 0; int _MaxRows = -1; int _MaxCols = 1]
     EIGEN_STRONG_INLINE Matrix& operator=(const Matrix& other)
                                 ^
/home/diego/softwares/eigen3.3/Eigen/src/Core/Matrix.h:206:33: note:   no known conversion for argument 1 from ‘Eigen::VectorXd* {aka Eigen::Matrix<double, -1, 1>*}’ to ‘const Eigen::Matrix<double, -1, 1>&’
/home/diego/softwares/eigen3.3/Eigen/src/Core/Matrix.h:223:33: note: candidate: template<class OtherDerived> Eigen::Matrix<_Scalar, _Rows, _Cols, _Options, _MaxRows, _MaxCols>& Eigen::Matrix<_Scalar, _Rows, _Cols, _Options, _MaxRows, _MaxCols>::operator=(const Eigen::DenseBase<OtherDerived>&) [with OtherDerived = OtherDerived; _Scalar = double; int _Rows = -1; int _Cols = 1; int _Options = 0; int _MaxRows = -1; int _MaxCols = 1]
     EIGEN_STRONG_INLINE Matrix& operator=(const DenseBase<OtherDerived>& other)
                                 ^
/home/diego/softwares/eigen3.3/Eigen/src/Core/Matrix.h:223:33: note:   template argument deduction/substitution failed:
../build.cpp:373:16: note:   mismatched types ‘const Eigen::DenseBase<Derived>’ and ‘Eigen::VectorXd* {aka Eigen::Matrix<double, -1, 1>*}’
  **translation = new VectorXd(3);
                ^
In file included from /home/diego/softwares/eigen3.3/Eigen/Core:437:0,
                 from /home/diego/softwares/eigen3.3/Eigen/Dense:1,
                 from ../build.cpp:17:
/home/diego/softwares/eigen3.3/Eigen/src/Core/Matrix.h:236:33: note: candidate: template<class OtherDerived> Eigen::Matrix<_Scalar, _Rows, _Cols, _Options, _MaxRows, _MaxCols>& Eigen::Matrix<_Scalar, _Rows, _Cols, _Options, _MaxRows, _MaxCols>::operator=(const Eigen::EigenBase<OtherDerived>&) [with OtherDerived = OtherDerived; _Scalar = double; int _Rows = -1; int _Cols = 1; int _Options = 0; int _MaxRows = -1; int _MaxCols = 1]
     EIGEN_STRONG_INLINE Matrix& operator=(const EigenBase<OtherDerived> &other)
                                 ^
/home/diego/softwares/eigen3.3/Eigen/src/Core/Matrix.h:236:33: note:   template argument deduction/substitution failed:
../build.cpp:373:16: note:   mismatched types ‘const Eigen::EigenBase<Derived>’ and ‘Eigen::VectorXd* {aka Eigen::Matrix<double, -1, 1>*}’
  **translation = new VectorXd(3);
                ^
In file included from /home/diego/softwares/eigen3.3/Eigen/Core:437:0,
                 from /home/diego/softwares/eigen3.3/Eigen/Dense:1,
                 from ../build.cpp:17:
/home/diego/softwares/eigen3.3/Eigen/src/Core/Matrix.h:243:33: note: candidate: template<class OtherDerived> Eigen::Matrix<_Scalar, _Rows, _Cols, _Options, _MaxRows, _MaxCols>& Eigen::Matrix<_Scalar, _Rows, _Cols, _Options, _MaxRows, _MaxCols>::operator=(const Eigen::ReturnByValue<OtherDerived>&) [with OtherDerived = OtherDerived; _Scalar = double; int _Rows = -1; int _Cols = 1; int _Options = 0; int _MaxRows = -1; int _MaxCols = 1]
     EIGEN_STRONG_INLINE Matrix& operator=(const ReturnByValue<OtherDerived>& func)
                                 ^
/home/diego/softwares/eigen3.3/Eigen/src/Core/Matrix.h:243:33: note:   template argument deduction/substitution failed:
../build.cpp:373:16: note:   mismatched types ‘const Eigen::ReturnByValue<Derived>’ and ‘Eigen::VectorXd* {aka Eigen::Matrix<double, -1, 1>*}’
  **translation = new VectorXd(3);
                ^
In file included from /home/diego/softwares/eigen3.3/Eigen/Core:437:0,
                 from /home/diego/softwares/eigen3.3/Eigen/Dense:1,
                 from ../build.cpp:17:
/home/diego/softwares/eigen3.3/Eigen/src/Core/Matrix.h:392:13: note: candidate: template<class OtherDerived> Eigen::Matrix<_Scalar, _Rows, _Cols, _Options, _MaxRows, _MaxCols>& Eigen::Matrix<_Scalar, _Rows, _Cols, _Options, _MaxRows, _MaxCols>::operator=(const Eigen::RotationBase<OtherDerived, ColsAtCompileTime>&) [with OtherDerived = OtherDerived; _Scalar = double; int _Rows = -1; int _Cols = 1; int _Options = 0; int _MaxRows = -1; int _MaxCols = 1]
     Matrix& operator=(const RotationBase<OtherDerived,ColsAtCompileTime>& r);
             ^
/home/diego/softwares/eigen3.3/Eigen/src/Core/Matrix.h:392:13: note:   template argument deduction/substitution failed:
../build.cpp:373:16: note:   mismatched types ‘const Eigen::RotationBase<OtherDerived, 1>’ and ‘Eigen::VectorXd* {aka Eigen::Matrix<double, -1, 1>*}’
  **translation = new VectorXd(3);
                ^
../build.cpp:374:17: error: ‘translation’ cannot be used as a function
  **translation(0) = tempT(2,1);
                 ^
../build.cpp:375:17: error: ‘translation’ cannot be used as a function
  **translation(1) = -tempT(2,0);
                 ^
../build.cpp:376:17: error: ‘translation’ cannot be used as a function
  **translation(2) = tempT(1,0);
                 ^
subdir.mk:18: recipe for target 'build.o' failed
make: *** [build.o] Error 1
16:57:37 **** Incremental Build of configuration Release for project BuildScene ****
make all 
Building file: ../build.cpp
Invoking: Cross G++ Compiler
g++ -I/usr/local/include/opencv -O3 -Wall -c -fmessage-length=0 -MMD -MP -MF"build.d" -MT"build.o" -o "build.o" "../build.cpp"
../build.cpp: In function ‘int findmats(Eigen::MatrixXd*, cv::Mat*, Eigen::MatrixXd**, Eigen::MatrixXd**, Eigen::VectorXd**)’:
../build.cpp:351:14: error: no match for ‘operator=’ (operand types are ‘Eigen::MatrixXd {aka Eigen::Matrix<double, -1, -1>}’ and ‘Eigen::MatrixXd* {aka Eigen::Matrix<double, -1, -1>*}’)
  **essential = new MatrixXd(3,3);//can be changed for fixed size in the future
              ^
In file included from /home/diego/softwares/eigen3.3/Eigen/Core:437:0,
                 from /home/diego/softwares/eigen3.3/Eigen/Dense:1,
                 from ../build.cpp:17:
/home/diego/softwares/eigen3.3/Eigen/src/Core/Matrix.h:206:33: note: candidate: Eigen::Matrix<_Scalar, _Rows, _Cols, _Options, _MaxRows, _MaxCols>& Eigen::Matrix<_Scalar, _Rows, _Cols, _Options, _MaxRows, _MaxCols>::operator=(const Eigen::Matrix<_Scalar, _Rows, _Cols, _Options, _MaxRows, _MaxCols>&) [with _Scalar = double; int _Rows = -1; int _Cols = -1; int _Options = 0; int _MaxRows = -1; int _MaxCols = -1]
     EIGEN_STRONG_INLINE Matrix& operator=(const Matrix& other)
                                 ^
/home/diego/softwares/eigen3.3/Eigen/src/Core/Matrix.h:206:33: note:   no known conversion for argument 1 from ‘Eigen::MatrixXd* {aka Eigen::Matrix<double, -1, -1>*}’ to ‘const Eigen::Matrix<double, -1, -1>&’
/home/diego/softwares/eigen3.3/Eigen/src/Core/Matrix.h:223:33: note: candidate: template<class OtherDerived> Eigen::Matrix<_Scalar, _Rows, _Cols, _Options, _MaxRows, _MaxCols>& Eigen::Matrix<_Scalar, _Rows, _Cols, _Options, _MaxRows, _MaxCols>::operator=(const Eigen::DenseBase<OtherDerived>&) [with OtherDerived = OtherDerived; _Scalar = double; int _Rows = -1; int _Cols = -1; int _Options = 0; int _MaxRows = -1; int _MaxCols = -1]
     EIGEN_STRONG_INLINE Matrix& operator=(const DenseBase<OtherDerived>& other)
                                 ^
/home/diego/softwares/eigen3.3/Eigen/src/Core/Matrix.h:223:33: note:   template argument deduction/substitution failed:
../build.cpp:351:14: note:   mismatched types ‘const Eigen::DenseBase<Derived>’ and ‘Eigen::MatrixXd* {aka Eigen::Matrix<double, -1, -1>*}’
  **essential = new MatrixXd(3,3);//can be changed for fixed size in the future
              ^
In file included from /home/diego/softwares/eigen3.3/Eigen/Core:437:0,
                 from /home/diego/softwares/eigen3.3/Eigen/Dense:1,
                 from ../build.cpp:17:
/home/diego/softwares/eigen3.3/Eigen/src/Core/Matrix.h:236:33: note: candidate: template<class OtherDerived> Eigen::Matrix<_Scalar, _Rows, _Cols, _Options, _MaxRows, _MaxCols>& Eigen::Matrix<_Scalar, _Rows, _Cols, _Options, _MaxRows, _MaxCols>::operator=(const Eigen::EigenBase<OtherDerived>&) [with OtherDerived = OtherDerived; _Scalar = double; int _Rows = -1; int _Cols = -1; int _Options = 0; int _MaxRows = -1; int _MaxCols = -1]
     EIGEN_STRONG_INLINE Matrix& operator=(const EigenBase<OtherDerived> &other)
                                 ^
/home/diego/softwares/eigen3.3/Eigen/src/Core/Matrix.h:236:33: note:   template argument deduction/substitution failed:
../build.cpp:351:14: note:   mismatched types ‘const Eigen::EigenBase<Derived>’ and ‘Eigen::MatrixXd* {aka Eigen::Matrix<double, -1, -1>*}’
  **essential = new MatrixXd(3,3);//can be changed for fixed size in the future
              ^
In file included from /home/diego/softwares/eigen3.3/Eigen/Core:437:0,
                 from /home/diego/softwares/eigen3.3/Eigen/Dense:1,
                 from ../build.cpp:17:
/home/diego/softwares/eigen3.3/Eigen/src/Core/Matrix.h:243:33: note: candidate: template<class OtherDerived> Eigen::Matrix<_Scalar, _Rows, _Cols, _Options, _MaxRows, _MaxCols>& Eigen::Matrix<_Scalar, _Rows, _Cols, _Options, _MaxRows, _MaxCols>::operator=(const Eigen::ReturnByValue<OtherDerived>&) [with OtherDerived = OtherDerived; _Scalar = double; int _Rows = -1; int _Cols = -1; int _Options = 0; int _MaxRows = -1; int _MaxCols = -1]
     EIGEN_STRONG_INLINE Matrix& operator=(const ReturnByValue<OtherDerived>& func)
                                 ^
/home/diego/softwares/eigen3.3/Eigen/src/Core/Matrix.h:243:33: note:   template argument deduction/substitution failed:
../build.cpp:351:14: note:   mismatched types ‘const Eigen::ReturnByValue<Derived>’ and ‘Eigen::MatrixXd* {aka Eigen::Matrix<double, -1, -1>*}’
  **essential = new MatrixXd(3,3);//can be changed for fixed size in the future
              ^
In file included from /home/diego/softwares/eigen3.3/Eigen/Core:437:0,
                 from /home/diego/softwares/eigen3.3/Eigen/Dense:1,
                 from ../build.cpp:17:
/home/diego/softwares/eigen3.3/Eigen/src/Core/Matrix.h:392:13: note: candidate: template<class OtherDerived> Eigen::Matrix<_Scalar, _Rows, _Cols, _Options, _MaxRows, _MaxCols>& Eigen::Matrix<_Scalar, _Rows, _Cols, _Options, _MaxRows, _MaxCols>::operator=(const Eigen::RotationBase<OtherDerived, ColsAtCompileTime>&) [with OtherDerived = OtherDerived; _Scalar = double; int _Rows = -1; int _Cols = -1; int _Options = 0; int _MaxRows = -1; int _MaxCols = -1]
     Matrix& operator=(const RotationBase<OtherDerived,ColsAtCompileTime>& r);
             ^
/home/diego/softwares/eigen3.3/Eigen/src/Core/Matrix.h:392:13: note:   template argument deduction/substitution failed:
../build.cpp:351:14: note:   mismatched types ‘const Eigen::RotationBase<OtherDerived, -1>’ and ‘Eigen::MatrixXd* {aka Eigen::Matrix<double, -1, -1>*}’
  **essential = new MatrixXd(3,3);//can be changed for fixed size in the future
              ^
../build.cpp:366:12: error: cannot convert ‘const Eigen::Product<Eigen::Product<Eigen::Matrix<double, -1, -1>, Eigen::Matrix<double, -1, -1>, 0>, Eigen::Transpose<const Eigen::Matrix<double, -1, -1> >, 0>’ to ‘Eigen::MatrixXd* {aka Eigen::Matrix<double, -1, -1>*}’ in assignment
  *rotation = svd.matrixU()*temp*svd.matrixV().transpose();
            ^
../build.cpp:373:16: error: no match for ‘operator=’ (operand types are ‘Eigen::VectorXd {aka Eigen::Matrix<double, -1, 1>}’ and ‘Eigen::VectorXd* {aka Eigen::Matrix<double, -1, 1>*}’)
  **translation = new VectorXd(3);
                ^
In file included from /home/diego/softwares/eigen3.3/Eigen/Core:437:0,
                 from /home/diego/softwares/eigen3.3/Eigen/Dense:1,
                 from ../build.cpp:17:
/home/diego/softwares/eigen3.3/Eigen/src/Core/Matrix.h:206:33: note: candidate: Eigen::Matrix<_Scalar, _Rows, _Cols, _Options, _MaxRows, _MaxCols>& Eigen::Matrix<_Scalar, _Rows, _Cols, _Options, _MaxRows, _MaxCols>::operator=(const Eigen::Matrix<_Scalar, _Rows, _Cols, _Options, _MaxRows, _MaxCols>&) [with _Scalar = double; int _Rows = -1; int _Cols = 1; int _Options = 0; int _MaxRows = -1; int _MaxCols = 1]
     EIGEN_STRONG_INLINE Matrix& operator=(const Matrix& other)
                                 ^
/home/diego/softwares/eigen3.3/Eigen/src/Core/Matrix.h:206:33: note:   no known conversion for argument 1 from ‘Eigen::VectorXd* {aka Eigen::Matrix<double, -1, 1>*}’ to ‘const Eigen::Matrix<double, -1, 1>&’
/home/diego/softwares/eigen3.3/Eigen/src/Core/Matrix.h:223:33: note: candidate: template<class OtherDerived> Eigen::Matrix<_Scalar, _Rows, _Cols, _Options, _MaxRows, _MaxCols>& Eigen::Matrix<_Scalar, _Rows, _Cols, _Options, _MaxRows, _MaxCols>::operator=(const Eigen::DenseBase<OtherDerived>&) [with OtherDerived = OtherDerived; _Scalar = double; int _Rows = -1; int _Cols = 1; int _Options = 0; int _MaxRows = -1; int _MaxCols = 1]
     EIGEN_STRONG_INLINE Matrix& operator=(const DenseBase<OtherDerived>& other)
                                 ^
/home/diego/softwares/eigen3.3/Eigen/src/Core/Matrix.h:223:33: note:   template argument deduction/substitution failed:
../build.cpp:373:16: note:   mismatched types ‘const Eigen::DenseBase<Derived>’ and ‘Eigen::VectorXd* {aka Eigen::Matrix<double, -1, 1>*}’
  **translation = new VectorXd(3);
                ^
In file included from /home/diego/softwares/eigen3.3/Eigen/Core:437:0,
                 from /home/diego/softwares/eigen3.3/Eigen/Dense:1,
                 from ../build.cpp:17:
/home/diego/softwares/eigen3.3/Eigen/src/Core/Matrix.h:236:33: note: candidate: template<class OtherDerived> Eigen::Matrix<_Scalar, _Rows, _Cols, _Options, _MaxRows, _MaxCols>& Eigen::Matrix<_Scalar, _Rows, _Cols, _Options, _MaxRows, _MaxCols>::operator=(const Eigen::EigenBase<OtherDerived>&) [with OtherDerived = OtherDerived; _Scalar = double; int _Rows = -1; int _Cols = 1; int _Options = 0; int _MaxRows = -1; int _MaxCols = 1]
     EIGEN_STRONG_INLINE Matrix& operator=(const EigenBase<OtherDerived> &other)
                                 ^
/home/diego/softwares/eigen3.3/Eigen/src/Core/Matrix.h:236:33: note:   template argument deduction/substitution failed:
../build.cpp:373:16: note:   mismatched types ‘const Eigen::EigenBase<Derived>’ and ‘Eigen::VectorXd* {aka Eigen::Matrix<double, -1, 1>*}’
  **translation = new VectorXd(3);
                ^
In file included from /home/diego/softwares/eigen3.3/Eigen/Core:437:0,
                 from /home/diego/softwares/eigen3.3/Eigen/Dense:1,
                 from ../build.cpp:17:
/home/diego/softwares/eigen3.3/Eigen/src/Core/Matrix.h:243:33: note: candidate: template<class OtherDerived> Eigen::Matrix<_Scalar, _Rows, _Cols, _Options, _MaxRows, _MaxCols>& Eigen::Matrix<_Scalar, _Rows, _Cols, _Options, _MaxRows, _MaxCols>::operator=(const Eigen::ReturnByValue<OtherDerived>&) [with OtherDerived = OtherDerived; _Scalar = double; int _Rows = -1; int _Cols = 1; int _Options = 0; int _MaxRows = -1; int _MaxCols = 1]
     EIGEN_STRONG_INLINE Matrix& operator=(const ReturnByValue<OtherDerived>& func)
                                 ^
/home/diego/softwares/eigen3.3/Eigen/src/Core/Matrix.h:243:33: note:   template argument deduction/substitution failed:
../build.cpp:373:16: note:   mismatched types ‘const Eigen::ReturnByValue<Derived>’ and ‘Eigen::VectorXd* {aka Eigen::Matrix<double, -1, 1>*}’
  **translation = new VectorXd(3);
                ^
In file included from /home/diego/softwares/eigen3.3/Eigen/Core:437:0,
                 from /home/diego/softwares/eigen3.3/Eigen/Dense:1,
                 from ../build.cpp:17:
/home/diego/softwares/eigen3.3/Eigen/src/Core/Matrix.h:392:13: note: candidate: template<class OtherDerived> Eigen::Matrix<_Scalar, _Rows, _Cols, _Options, _MaxRows, _MaxCols>& Eigen::Matrix<_Scalar, _Rows, _Cols, _Options, _MaxRows, _MaxCols>::operator=(const Eigen::RotationBase<OtherDerived, ColsAtCompileTime>&) [with OtherDerived = OtherDerived; _Scalar = double; int _Rows = -1; int _Cols = 1; int _Options = 0; int _MaxRows = -1; int _MaxCols = 1]
     Matrix& operator=(const RotationBase<OtherDerived,ColsAtCompileTime>& r);
             ^
/home/diego/softwares/eigen3.3/Eigen/src/Core/Matrix.h:392:13: note:   template argument deduction/substitution failed:
../build.cpp:373:16: note:   mismatched types ‘const Eigen::RotationBase<OtherDerived, 1>’ and ‘Eigen::VectorXd* {aka Eigen::Matrix<double, -1, 1>*}’
  **translation = new VectorXd(3);
                ^
../build.cpp:374:17: error: ‘translation’ cannot be used as a function
  **translation(0) = tempT(2,1);
                 ^
../build.cpp:375:17: error: ‘translation’ cannot be used as a function
  **translation(1) = -tempT(2,0);
                 ^
../build.cpp:376:17: error: ‘translation’ cannot be used as a function
  **translation(2) = tempT(1,0);
                 ^
subdir.mk:18: recipe for target 'build.o' failed
make: *** [build.o] Error 1
16:58:38 **** Incremental Build of configuration Release for project BuildScene ****
make all 
Building file: ../build.cpp
Invoking: Cross G++ Compiler
g++ -I/usr/local/include/opencv -O3 -Wall -c -fmessage-length=0 -MMD -MP -MF"build.d" -MT"build.o" -o "build.o" "../build.cpp"
Finished building: ../build.cpp
 
Building target: BuildScene
Invoking: Cross G++ Linker
g++ -L/usr/local/lib -o "BuildScene"  ./build.o   -lopencv_core -lopencv_imgproc -lopencv_highgui -lopencv_imgcodecs -lopencv_videoio -lopencv_xfeatures2d -lopencv_features2d
Finished building target: BuildScene
 
16:58:57 **** Incremental Build of configuration Release for project BuildScene ****
make all 
make: Nothing to be done for 'all'.
17:07:39 **** Incremental Build of configuration Release for project BuildScene ****
make all 
Building file: ../build.cpp
Invoking: Cross G++ Compiler
g++ -I/usr/local/include/opencv -O3 -Wall -c -fmessage-length=0 -MMD -MP -MF"build.d" -MT"build.o" -o "build.o" "../build.cpp"
Finished building: ../build.cpp
 
Building target: BuildScene
Invoking: Cross G++ Linker
g++ -L/usr/local/lib -o "BuildScene"  ./build.o   -lopencv_core -lopencv_imgproc -lopencv_highgui -lopencv_imgcodecs -lopencv_videoio -lopencv_xfeatures2d -lopencv_features2d
Finished building target: BuildScene
 
17:07:53 **** Incremental Build of configuration Release for project BuildScene ****
make all 
make: Nothing to be done for 'all'.
22:47:36 **** Incremental Build of configuration Release for project BuildScene ****
make all 
Building file: ../build.cpp
Invoking: Cross G++ Compiler
g++ -I/usr/local/include/opencv -O3 -Wall -c -fmessage-length=0 -MMD -MP -MF"build.d" -MT"build.o" -o "build.o" "../build.cpp"
Finished building: ../build.cpp
 
Building target: BuildScene
Invoking: Cross G++ Linker
g++ -L/usr/local/lib -o "BuildScene"  ./build.o   -lopencv_core -lopencv_imgproc -lopencv_highgui -lopencv_imgcodecs -lopencv_videoio -lopencv_xfeatures2d -lopencv_features2d
Finished building target: BuildScene
 
22:50:57 **** Incremental Build of configuration Release for project BuildScene ****
make all 
Building file: ../build.cpp
Invoking: Cross G++ Compiler
g++ -I/usr/local/include/opencv -O3 -Wall -c -fmessage-length=0 -MMD -MP -MF"build.d" -MT"build.o" -o "build.o" "../build.cpp"
Finished building: ../build.cpp
 
Building target: BuildScene
Invoking: Cross G++ Linker
g++ -L/usr/local/lib -o "BuildScene"  ./build.o   -lopencv_core -lopencv_imgproc -lopencv_highgui -lopencv_imgcodecs -lopencv_videoio -lopencv_xfeatures2d -lopencv_features2d
Finished building target: BuildScene
 
22:51:10 **** Incremental Build of configuration Release for project BuildScene ****
make all 
make: Nothing to be done for 'all'.
23:09:49 **** Incremental Build of configuration Release for project BuildScene ****
make all 
Building file: ../build.cpp
Invoking: Cross G++ Compiler
g++ -I/usr/local/include/opencv -O3 -Wall -c -fmessage-length=0 -MMD -MP -MF"build.d" -MT"build.o" -o "build.o" "../build.cpp"
Finished building: ../build.cpp
 
Building target: BuildScene
Invoking: Cross G++ Linker
g++ -L/usr/local/lib -o "BuildScene"  ./build.o   -lopencv_core -lopencv_imgproc -lopencv_highgui -lopencv_imgcodecs -lopencv_videoio -lopencv_xfeatures2d -lopencv_features2d
Finished building target: BuildScene
 
23:10:03 **** Incremental Build of configuration Release for project BuildScene ****
make all 
make: Nothing to be done for 'all'.
23:12:17 **** Incremental Build of configuration Release for project BuildScene ****
make all 
Building file: ../build.cpp
Invoking: Cross G++ Compiler
g++ -I/usr/local/include/opencv -O3 -Wall -c -fmessage-length=0 -MMD -MP -MF"build.d" -MT"build.o" -o "build.o" "../build.cpp"
Finished building: ../build.cpp
 
Building target: BuildScene
Invoking: Cross G++ Linker
g++ -L/usr/local/lib -o "BuildScene"  ./build.o   -lopencv_core -lopencv_imgproc -lopencv_highgui -lopencv_imgcodecs -lopencv_videoio -lopencv_xfeatures2d -lopencv_features2d
Finished building target: BuildScene
 
12:55:37 **** Incremental Build of configuration Release for project BuildScene ****
make all 
make: Nothing to be done for 'all'.
13:16:12 **** Incremental Build of configuration Release for project BuildScene ****
make all 
Building file: ../build.cpp
Invoking: Cross G++ Compiler
g++ -I/usr/local/include/opencv -O3 -Wall -c -fmessage-length=0 -MMD -MP -MF"build.d" -MT"build.o" -o "build.o" "../build.cpp"
Finished building: ../build.cpp
 
Building target: BuildScene
Invoking: Cross G++ Linker
g++ -L/usr/local/lib -o "BuildScene"  ./build.o   -lopencv_core -lopencv_imgproc -lopencv_highgui -lopencv_imgcodecs -lopencv_videoio -lopencv_xfeatures2d -lopencv_features2d
Finished building target: BuildScene
 
13:17:06 **** Incremental Build of configuration Release for project BuildScene ****
make all 
Building file: ../build.cpp
Invoking: Cross G++ Compiler
g++ -I/usr/local/include/opencv -O3 -Wall -c -fmessage-length=0 -MMD -MP -MF"build.d" -MT"build.o" -o "build.o" "../build.cpp"
Finished building: ../build.cpp
 
Building target: BuildScene
Invoking: Cross G++ Linker
g++ -L/usr/local/lib -o "BuildScene"  ./build.o   -lopencv_core -lopencv_imgproc -lopencv_highgui -lopencv_imgcodecs -lopencv_videoio -lopencv_xfeatures2d -lopencv_features2d
Finished building target: BuildScene
 
13:17:19 **** Incremental Build of configuration Release for project BuildScene ****
make all 
make: Nothing to be done for 'all'.
03:55:13 **** Build of configuration Release for project BuildScene ****
make all 
Building file: ../build.cpp
Invoking: Cross G++ Compiler
g++ -I/usr/local/include/opencv -O3 -Wall -c -fmessage-length=0 -MMD -MP -MF"build.d" -MT"build.o" -o "build.o" "../build.cpp"
Finished building: ../build.cpp
 
Building target: BuildScene
Invoking: Cross G++ Linker
g++ -L/usr/local/lib -o "BuildScene"  ./build.o   -lopencv_core -lopencv_imgproc -lopencv_highgui -lopencv_imgcodecs -lopencv_videoio -lopencv_xfeatures2d -lopencv_features2d
Finished building target: BuildScene
 
